<?xml version="1.0" encoding="utf-8"?>
<testsuites time="0.205" tests="13" failures="0">
  <testsuite id="0" name="/source/Test/bin/Release/net8.0/Test.dll" tests="13" failures="0" time="0.205">
    <testcase classname="Test.ApplicationAutoMapTest" name="Test.ApplicationAutoMapTest.canNotMap_UpdateApplicationRequest_On_customer" time="0.0898823" />
    <testcase classname="Test.ApplicationAutoMapTest" name="Test.ApplicationAutoMapTest.canNotMap_CreateApplication_On_customer" time="0.0024782" />
    <testcase classname="Test.ApplicationAutoMapTest" name="Test.ApplicationAutoMapTest.CreateApplicationRequest_should_generate_CreatedAt" time="0.0056437" />
    <testcase classname="Test.ApplicationAutoMapTest" name="Test.ApplicationAutoMapTest.CreateApplicationRequest_should_generate_Id" time="0.0026157" />
    <testcase classname="Test.CustommerAutoMapTest" name="Test.CustommerAutoMapTest.CreateCustomerRequest_should_generate_CreatedAt" time="0.0898690" />
    <testcase classname="Test.CustommerAutoMapTest" name="Test.CustommerAutoMapTest.CreateCustomerRequest_should_generate_Id" time="0.0065810" />
    <testcase classname="Test.CustommerAutoMapTest" name="Test.CustommerAutoMapTest.CreateApplicationRequest_should_generate_CreatedAt" time="0.0042445" />
    <testcase classname="Test.LeapYearTests" name="Test.LeapYearTests.Should_not_be_a_leap_year(year: 2021)" time="0.0025933" />
    <testcase classname="Test.LeapYearTests" name="Test.LeapYearTests.Should_not_be_a_leap_year(year: 2023)" time="0.0002395" />
    <testcase classname="Test.LeapYearTests" name="Test.LeapYearTests.Should_not_be_a_leap_year(year: 1900)" time="0.0000068" />
    <testcase classname="Test.LeapYearTests" name="Test.LeapYearTests.Should_be_a_leap_year(year: 1992)" time="0.0001563" />
    <testcase classname="Test.LeapYearTests" name="Test.LeapYearTests.Should_be_a_leap_year(year: 2020)" time="0.0002069" />
    <testcase classname="Test.LeapYearTests" name="Test.LeapYearTests.Should_be_a_leap_year(year: 2000)" time="0.0000068" />
  </testsuite>
</testsuites>