<?xml version="1.0" encoding="utf-8"?>
<testsuites time="0.171" tests="7" failures="0">
  <testsuite id="0" name="/source/Test/bin/Release/net8.0/Test.dll" tests="7" failures="0" time="0.171">
    <testcase classname="Test.ApplicationAutoMapTest" name="Test.ApplicationAutoMapTest.canNotMap_UpdateApplicationRequest_On_customer" time="0.0777128" />
    <testcase classname="Test.ApplicationAutoMapTest" name="Test.ApplicationAutoMapTest.canNotMap_CreateApplication_On_customer" time="0.0020846" />
    <testcase classname="Test.ApplicationAutoMapTest" name="Test.ApplicationAutoMapTest.CreateApplicationRequest_should_generate_CreatedAt" time="0.0051597" />
    <testcase classname="Test.ApplicationAutoMapTest" name="Test.ApplicationAutoMapTest.CreateApplicationRequest_should_generate_Id" time="0.0015270" />
    <testcase classname="Test.CustommerAutoMapTest" name="Test.CustommerAutoMapTest.CreateCustomerRequest_should_generate_CreatedAt" time="0.0777158" />
    <testcase classname="Test.CustommerAutoMapTest" name="Test.CustommerAutoMapTest.CreateCustomerRequest_should_generate_Id" time="0.0045123" />
    <testcase classname="Test.CustommerAutoMapTest" name="Test.CustommerAutoMapTest.CreateApplicationRequest_should_generate_CreatedAt" time="0.0027429" />
  </testsuite>
</testsuites>