<?xml version="1.0" encoding="utf-8"?>
<testsuites time="0.316" tests="14" failures="0">
  <testsuite id="0" name="/source/Test/bin/Release/net8.0/Test.dll" tests="14" failures="0" time="0.316">
    <testcase classname="Test.ApplicationAutoMapTest" name="Test.ApplicationAutoMapTest.canNotMap_UpdateApplicationRequest_On_customer" time="0.0962872" />
    <testcase classname="Test.ApplicationAutoMapTest" name="Test.ApplicationAutoMapTest.canNotMap_CreateApplication_On_customer" time="0.0041460" />
    <testcase classname="Test.ApplicationAutoMapTest" name="Test.ApplicationAutoMapTest.CreateApplicationRequest_should_generate_CreatedAt" time="0.0047386" />
    <testcase classname="Test.ApplicationAutoMapTest" name="Test.ApplicationAutoMapTest.CreateApplicationRequest_should_generate_Id" time="0.0046655" />
    <testcase classname="Test.CustommerAutoMapTest" name="Test.CustommerAutoMapTest.CreateCustomerRequest_should_generate_CreatedAt" time="0.0962977" />
    <testcase classname="Test.CustommerAutoMapTest" name="Test.CustommerAutoMapTest.CreateCustomerRequest_should_generate_Id" time="0.0036954" />
    <testcase classname="Test.CustommerAutoMapTest" name="Test.CustommerAutoMapTest.CreateApplicationRequest_should_generate_CreatedAt" time="0.0047615" />
    <testcase classname="Test.LeapYearTests" name="Test.LeapYearTests.Should_not_be_a_leap_year(year: 2021)" time="0.0033966" />
    <testcase classname="Test.LeapYearTests" name="Test.LeapYearTests.Should_not_be_a_leap_year(year: 2023)" time="0.0001817" />
    <testcase classname="Test.LeapYearTests" name="Test.LeapYearTests.Should_not_be_a_leap_year(year: 1900)" time="0.0000058" />
    <testcase classname="Test.LeapYearTests" name="Test.LeapYearTests.Should_be_a_leap_year(year: 1992)" time="0.0001310" />
    <testcase classname="Test.LeapYearTests" name="Test.LeapYearTests.Should_be_a_leap_year(year: 2020)" time="0.0001781" />
    <testcase classname="Test.LeapYearTests" name="Test.LeapYearTests.Should_be_a_leap_year(year: 2000)" time="0.0000056" />
    <testcase classname="Test.UserSignAutoMapTest" name="Test.UserSignAutoMapTest.SignUp_should_generate_hasPassword" time="0.0975811" />
  </testsuite>
</testsuites>